<?xml version="1.0" encoding="UTF-8"?>
<testsuite name="com.example.starter.TestMainVerticle" tests="1" skipped="0" failures="0" errors="0" timestamp="2020-11-07T19:37:58" hostname="aa7117404fe7" time="0.357">
  <properties/>
  <testcase name="verticle_deployed(Vertx, VertxTestContext)" classname="com.example.starter.TestMainVerticle" time="0.357"/>
  <system-out><![CDATA[HTTP server started on port 8888
]]></system-out>
  <system-err><![CDATA[]]></system-err>
</testsuite>
